I0427 11:55:59.555265   68805 load.go:31] Reloading schema and connectors...
I0427 11:55:59.582339   68805 control.go:100] [projects/emulator/locations/emulator/services/lucent-283b9-service b884] UpdateResources(): done
Main schema: sources: schema/schema.gql [528B] 
Connector "example": sources: 
E0427 11:55:59.603986   68805 load.go:95] Errors generating SDK: [connector "example"]: invalid Data Connect Connector no query found in connector
I0427 11:55:59.678320   68805 collector.go:107] schema extensions wrote into "/Volumes/Dev/Projects/TansTack/skild/dataconnect/.dataconnect/schema"
Generated sources: prelude.gql [82799B] main/implicit.gql [266B] main/input.gql [16023B] main/relation.gql [6578B] main/query.gql [2404B] main/mutation.gql [6444B] 
I0427 11:55:59.678412   68805 load.go:109] Finished reloading
I0427 11:55:59.679633   68805 dev.go:104] Listening on address (HTTP + gRPC): 127.0.0.1:9399
I0427 11:55:59.679973   68805 dev.go:104] Listening on address (HTTP + gRPC): [::1]:9399
I0427 11:56:13.105548   68805 migrate.go:24] Running migration SQL:
Step 1: CREATE EXTENSION IF NOT EXISTS "uuid-ossp"
Step 2: CREATE TABLE "public"."user" ("clerk_id" text NOT NULL, "email" text NOT NULL, "image_url" text NULL, "username" text NULL, PRIMARY KEY ("clerk_id"))
Step 3: CREATE UNIQUE INDEX "user_clerkId_uidx" ON "public"."user" ("clerk_id")
Step 4: CREATE TABLE "public"."skill" ("id" uuid NOT NULL DEFAULT uuid_generate_v4(), "author_clerk_id" text NOT NULL, "created_at" timestamptz NOT NULL, "description" text NOT NULL, "install_command" text NOT NULL, "prompt_config" text NOT NULL, "tags" text[] NOT NULL, "title" text NOT NULL, "usage_example" text NOT NULL, PRIMARY KEY ("id"), CONSTRAINT "skill_author_clerk_id_fkey" FOREIGN KEY ("author_clerk_id") REFERENCES "public"."user" ("clerk_id") ON DELETE CASCADE)
Step 5: CREATE INDEX "skill_authorClerkId_idx" ON "public"."skill" ("author_clerk_id")
I0427 11:56:13.726235   68805 control.go:100] [projects/emulator/locations/emulator/services/lucent-283b9-service 3c2b] UpdateResources(): done
Main schema: sources: schema/schema.gql [528B] 
Connector "example": sources: 
I0427 11:56:13.740316   68805 configure_emulator.go:21] ConfigureEmulator successed
Request: service_id:  "lucent-283b9-service"
connection_string:  "postgres://127.0.0.1:5432/lucent-283b9-database?sslmode=disable"
database:  "lucent-283b9-database"

Response: 
I0427 11:59:41.773316   68805 execute.go:57] Database ping is quick (likely cached), took 1.704599ms
I0427 11:59:41.790384   68805 engine.go:209] [projects/emulator/locations/emulator/services/lucent-283b9-service 3c2b] ExecuteGraphql query : succeeded. 
I0427 11:59:43.799329   68805 execute.go:57] Database ping is quick (likely cached), took 785.832µs
I0427 11:59:43.821094   68805 engine.go:209] [projects/emulator/locations/emulator/services/lucent-283b9-service 3c2b] ExecuteGraphql query : succeeded. 
I0427 11:59:57.522299   68805 execute.go:57] Database ping is quick (likely cached), took 1.008383ms
I0427 11:59:57.525712   68805 engine.go:209] [projects/emulator/locations/emulator/services/lucent-283b9-service 3c2b] ExecuteGraphql query : succeeded. 
I0427 12:00:12.719186   68805 execute.go:57] Database ping is quick (likely cached), took 1.813729ms
I0427 12:00:12.743023   68805 engine.go:209] [projects/emulator/locations/emulator/services/lucent-283b9-service 3c2b] ExecuteGraphql query : succeeded. 
I0427 12:01:57.304218   68805 execute.go:57] Database ping is quick (likely cached), took 707.697µs
I0427 12:01:57.378606   68805 engine.go:209] [projects/emulator/locations/emulator/services/lucent-283b9-service 3c2b] ExecuteGraphql mutation : succeeded. 
W0427 12:02:04.754038   68805 execute.go:51] Database ping is slow 23.717904ms
stats before: sql.DBStats{MaxOpenConnections:0, OpenConnections:1, InUse:0, Idle:1, WaitCount:0, WaitDuration:0, MaxIdleClosed:0, MaxIdleTimeClosed:0, MaxLifetimeClosed:0}
stats After: sql.DBStats{MaxOpenConnections:0, OpenConnections:1, InUse:0, Idle:1, WaitCount:0, WaitDuration:0, MaxIdleClosed:0, MaxIdleTimeClosed:0, MaxLifetimeClosed:0}
I0427 12:02:04.792403   68805 engine.go:209] [projects/emulator/locations/emulator/services/lucent-283b9-service 3c2b] ExecuteGraphql mutation : succeeded. 
I0427 12:03:06.568300   68805 execute.go:57] Database ping is quick (likely cached), took 2.947453ms
I0427 12:03:06.578100   68805 engine.go:209] [projects/emulator/locations/emulator/services/lucent-283b9-service 3c2b] ExecuteGraphql query : succeeded. 
I0427 12:03:22.703845   68805 execute.go:57] Database ping is quick (likely cached), took 891.337µs
I0427 12:03:22.709811   68805 engine.go:209] [projects/emulator/locations/emulator/services/lucent-283b9-service 3c2b] ExecuteGraphql query : succeeded. 
I0427 12:03:37.752054   68805 execute.go:57] Database ping is quick (likely cached), took 6.423905ms
I0427 12:03:37.772376   68805 engine.go:209] [projects/emulator/locations/emulator/services/lucent-283b9-service 3c2b] ExecuteGraphql query : succeeded. 
E0427 13:30:53.909448   68805 watch.go:40] Failed to load config from "/Volumes/Dev/Projects/TansTack/skild/dataconnect": could not read connector.yaml at `/Volumes/Dev/Projects/TansTack/skild/dataconnect/example/connector.yaml`: open /Volumes/Dev/Projects/TansTack/skild/dataconnect/example/connector.yaml: no such file or directory
E0427 13:31:03.880865   68805 watch.go:40] Failed to load config from "/Volumes/Dev/Projects/TansTack/skild/dataconnect": could not read connector.yaml at `/Volumes/Dev/Projects/TansTack/skild/dataconnect/example/connector.yaml`: open /Volumes/Dev/Projects/TansTack/skild/dataconnect/example/connector.yaml: no such file or directory
E0427 13:31:13.880177   68805 watch.go:40] Failed to load config from "/Volumes/Dev/Projects/TansTack/skild/dataconnect": could not read connector.yaml at `/Volumes/Dev/Projects/TansTack/skild/dataconnect/example/connector.yaml`: open /Volumes/Dev/Projects/TansTack/skild/dataconnect/example/connector.yaml: no such file or directory
E0427 13:31:23.874500   68805 watch.go:40] Failed to load config from "/Volumes/Dev/Projects/TansTack/skild/dataconnect": could not read connector.yaml at `/Volumes/Dev/Projects/TansTack/skild/dataconnect/example/connector.yaml`: open /Volumes/Dev/Projects/TansTack/skild/dataconnect/example/connector.yaml: no such file or directory
E0427 13:31:33.879502   68805 watch.go:40] Failed to load config from "/Volumes/Dev/Projects/TansTack/skild/dataconnect": could not read connector.yaml at `/Volumes/Dev/Projects/TansTack/skild/dataconnect/example/connector.yaml`: open /Volumes/Dev/Projects/TansTack/skild/dataconnect/example/connector.yaml: no such file or directory
E0427 13:31:43.872617   68805 watch.go:40] Failed to load config from "/Volumes/Dev/Projects/TansTack/skild/dataconnect": could not read connector.yaml at `/Volumes/Dev/Projects/TansTack/skild/dataconnect/example/connector.yaml`: open /Volumes/Dev/Projects/TansTack/skild/dataconnect/example/connector.yaml: no such file or directory
E0427 13:31:53.873354   68805 watch.go:40] Failed to load config from "/Volumes/Dev/Projects/TansTack/skild/dataconnect": could not read connector.yaml at `/Volumes/Dev/Projects/TansTack/skild/dataconnect/example/connector.yaml`: open /Volumes/Dev/Projects/TansTack/skild/dataconnect/example/connector.yaml: no such file or directory
E0427 13:32:03.885864   68805 watch.go:40] Failed to load config from "/Volumes/Dev/Projects/TansTack/skild/dataconnect": could not read connector.yaml at `/Volumes/Dev/Projects/TansTack/skild/dataconnect/example/connector.yaml`: open /Volumes/Dev/Projects/TansTack/skild/dataconnect/example/connector.yaml: no such file or directory
E0427 13:32:13.881813   68805 watch.go:40] Failed to load config from "/Volumes/Dev/Projects/TansTack/skild/dataconnect": could not read connector.yaml at `/Volumes/Dev/Projects/TansTack/skild/dataconnect/example/connector.yaml`: open /Volumes/Dev/Projects/TansTack/skild/dataconnect/example/connector.yaml: no such file or directory
E0427 13:32:23.873213   68805 watch.go:40] Failed to load config from "/Volumes/Dev/Projects/TansTack/skild/dataconnect": could not read connector.yaml at `/Volumes/Dev/Projects/TansTack/skild/dataconnect/example/connector.yaml`: open /Volumes/Dev/Projects/TansTack/skild/dataconnect/example/connector.yaml: no such file or directory
E0427 13:32:33.879863   68805 watch.go:40] Failed to load config from "/Volumes/Dev/Projects/TansTack/skild/dataconnect": could not read connector.yaml at `/Volumes/Dev/Projects/TansTack/skild/dataconnect/example/connector.yaml`: open /Volumes/Dev/Projects/TansTack/skild/dataconnect/example/connector.yaml: no such file or directory
E0427 13:32:43.884612   68805 watch.go:40] Failed to load config from "/Volumes/Dev/Projects/TansTack/skild/dataconnect": could not read connector.yaml at `/Volumes/Dev/Projects/TansTack/skild/dataconnect/example/connector.yaml`: open /Volumes/Dev/Projects/TansTack/skild/dataconnect/example/connector.yaml: no such file or directory
E0427 13:32:53.886828   68805 watch.go:40] Failed to load config from "/Volumes/Dev/Projects/TansTack/skild/dataconnect": could not read connector.yaml at `/Volumes/Dev/Projects/TansTack/skild/dataconnect/example/connector.yaml`: open /Volumes/Dev/Projects/TansTack/skild/dataconnect/example/connector.yaml: no such file or directory
E0427 13:33:03.874468   68805 watch.go:40] Failed to load config from "/Volumes/Dev/Projects/TansTack/skild/dataconnect": could not read connector.yaml at `/Volumes/Dev/Projects/TansTack/skild/dataconnect/example/connector.yaml`: open /Volumes/Dev/Projects/TansTack/skild/dataconnect/example/connector.yaml: no such file or directory
E0427 13:33:13.875743   68805 watch.go:40] Failed to load config from "/Volumes/Dev/Projects/TansTack/skild/dataconnect": could not read connector.yaml at `/Volumes/Dev/Projects/TansTack/skild/dataconnect/example/connector.yaml`: open /Volumes/Dev/Projects/TansTack/skild/dataconnect/example/connector.yaml: no such file or directory
E0427 13:33:23.874533   68805 watch.go:40] Failed to load config from "/Volumes/Dev/Projects/TansTack/skild/dataconnect": could not read connector.yaml at `/Volumes/Dev/Projects/TansTack/skild/dataconnect/example/connector.yaml`: open /Volumes/Dev/Projects/TansTack/skild/dataconnect/example/connector.yaml: no such file or directory
E0427 13:33:33.893540   68805 watch.go:40] Failed to load config from "/Volumes/Dev/Projects/TansTack/skild/dataconnect": could not read connector.yaml at `/Volumes/Dev/Projects/TansTack/skild/dataconnect/example/connector.yaml`: open /Volumes/Dev/Projects/TansTack/skild/dataconnect/example/connector.yaml: no such file or directory
E0427 13:33:43.874416   68805 watch.go:40] Failed to load config from "/Volumes/Dev/Projects/TansTack/skild/dataconnect": could not read connector.yaml at `/Volumes/Dev/Projects/TansTack/skild/dataconnect/example/connector.yaml`: open /Volumes/Dev/Projects/TansTack/skild/dataconnect/example/connector.yaml: no such file or directory
E0427 13:33:53.903644   68805 watch.go:40] Failed to load config from "/Volumes/Dev/Projects/TansTack/skild/dataconnect": could not read connector.yaml at `/Volumes/Dev/Projects/TansTack/skild/dataconnect/example/connector.yaml`: open /Volumes/Dev/Projects/TansTack/skild/dataconnect/example/connector.yaml: no such file or directory
E0427 13:34:03.879844   68805 watch.go:40] Failed to load config from "/Volumes/Dev/Projects/TansTack/skild/dataconnect": could not read connector.yaml at `/Volumes/Dev/Projects/TansTack/skild/dataconnect/example/connector.yaml`: open /Volumes/Dev/Projects/TansTack/skild/dataconnect/example/connector.yaml: no such file or directory
E0427 13:34:13.875215   68805 watch.go:40] Failed to load config from "/Volumes/Dev/Projects/TansTack/skild/dataconnect": could not read connector.yaml at `/Volumes/Dev/Projects/TansTack/skild/dataconnect/example/connector.yaml`: open /Volumes/Dev/Projects/TansTack/skild/dataconnect/example/connector.yaml: no such file or directory
E0427 13:34:23.875662   68805 watch.go:40] Failed to load config from "/Volumes/Dev/Projects/TansTack/skild/dataconnect": could not read connector.yaml at `/Volumes/Dev/Projects/TansTack/skild/dataconnect/example/connector.yaml`: open /Volumes/Dev/Projects/TansTack/skild/dataconnect/example/connector.yaml: no such file or directory
E0427 13:34:34.000467   68805 watch.go:40] Failed to load config from "/Volumes/Dev/Projects/TansTack/skild/dataconnect": could not read connector.yaml at `/Volumes/Dev/Projects/TansTack/skild/dataconnect/example/connector.yaml`: open /Volumes/Dev/Projects/TansTack/skild/dataconnect/example/connector.yaml: no such file or directory
E0427 13:34:43.879642   68805 watch.go:40] Failed to load config from "/Volumes/Dev/Projects/TansTack/skild/dataconnect": could not read connector.yaml at `/Volumes/Dev/Projects/TansTack/skild/dataconnect/example/connector.yaml`: open /Volumes/Dev/Projects/TansTack/skild/dataconnect/example/connector.yaml: no such file or directory
E0427 13:34:53.876815   68805 watch.go:40] Failed to load config from "/Volumes/Dev/Projects/TansTack/skild/dataconnect": could not read connector.yaml at `/Volumes/Dev/Projects/TansTack/skild/dataconnect/example/connector.yaml`: open /Volumes/Dev/Projects/TansTack/skild/dataconnect/example/connector.yaml: no such file or directory
E0427 13:35:03.876837   68805 watch.go:40] Failed to load config from "/Volumes/Dev/Projects/TansTack/skild/dataconnect": could not read connector.yaml at `/Volumes/Dev/Projects/TansTack/skild/dataconnect/example/connector.yaml`: open /Volumes/Dev/Projects/TansTack/skild/dataconnect/example/connector.yaml: no such file or directory
E0427 13:35:13.882451   68805 watch.go:40] Failed to load config from "/Volumes/Dev/Projects/TansTack/skild/dataconnect": could not read connector.yaml at `/Volumes/Dev/Projects/TansTack/skild/dataconnect/example/connector.yaml`: open /Volumes/Dev/Projects/TansTack/skild/dataconnect/example/connector.yaml: no such file or directory
E0427 13:35:23.890587   68805 watch.go:40] Failed to load config from "/Volumes/Dev/Projects/TansTack/skild/dataconnect": could not read connector.yaml at `/Volumes/Dev/Projects/TansTack/skild/dataconnect/example/connector.yaml`: open /Volumes/Dev/Projects/TansTack/skild/dataconnect/example/connector.yaml: no such file or directory
E0427 13:35:33.877441   68805 watch.go:40] Failed to load config from "/Volumes/Dev/Projects/TansTack/skild/dataconnect": could not read connector.yaml at `/Volumes/Dev/Projects/TansTack/skild/dataconnect/example/connector.yaml`: open /Volumes/Dev/Projects/TansTack/skild/dataconnect/example/connector.yaml: no such file or directory
E0427 13:35:43.879099   68805 watch.go:40] Failed to load config from "/Volumes/Dev/Projects/TansTack/skild/dataconnect": could not read connector.yaml at `/Volumes/Dev/Projects/TansTack/skild/dataconnect/example/connector.yaml`: open /Volumes/Dev/Projects/TansTack/skild/dataconnect/example/connector.yaml: no such file or directory
E0427 13:35:53.918306   68805 watch.go:40] Failed to load config from "/Volumes/Dev/Projects/TansTack/skild/dataconnect": could not read connector.yaml at `/Volumes/Dev/Projects/TansTack/skild/dataconnect/example/connector.yaml`: open /Volumes/Dev/Projects/TansTack/skild/dataconnect/example/connector.yaml: no such file or directory
E0427 13:36:03.915974   68805 watch.go:40] Failed to load config from "/Volumes/Dev/Projects/TansTack/skild/dataconnect": could not read connector.yaml at `/Volumes/Dev/Projects/TansTack/skild/dataconnect/example/connector.yaml`: open /Volumes/Dev/Projects/TansTack/skild/dataconnect/example/connector.yaml: no such file or directory
E0427 13:36:13.891674   68805 watch.go:40] Failed to load config from "/Volumes/Dev/Projects/TansTack/skild/dataconnect": could not read connector.yaml at `/Volumes/Dev/Projects/TansTack/skild/dataconnect/example/connector.yaml`: open /Volumes/Dev/Projects/TansTack/skild/dataconnect/example/connector.yaml: no such file or directory
E0427 13:36:23.881154   68805 watch.go:40] Failed to load config from "/Volumes/Dev/Projects/TansTack/skild/dataconnect": could not read connector.yaml at `/Volumes/Dev/Projects/TansTack/skild/dataconnect/example/connector.yaml`: open /Volumes/Dev/Projects/TansTack/skild/dataconnect/example/connector.yaml: no such file or directory
E0427 13:36:33.879667   68805 watch.go:40] Failed to load config from "/Volumes/Dev/Projects/TansTack/skild/dataconnect": could not read connector.yaml at `/Volumes/Dev/Projects/TansTack/skild/dataconnect/example/connector.yaml`: open /Volumes/Dev/Projects/TansTack/skild/dataconnect/example/connector.yaml: no such file or directory
E0427 13:36:43.889447   68805 watch.go:40] Failed to load config from "/Volumes/Dev/Projects/TansTack/skild/dataconnect": could not read connector.yaml at `/Volumes/Dev/Projects/TansTack/skild/dataconnect/example/connector.yaml`: open /Volumes/Dev/Projects/TansTack/skild/dataconnect/example/connector.yaml: no such file or directory
I0427 13:36:53.883953   68805 load.go:31] Reloading schema and connectors...
I0427 13:37:03.289689   68805 control.go:100] [projects/emulator/locations/emulator/services/lucent-283b9-service b602] UpdateResources(): done
Main schema: sources: schema/schema.gql [528B] 
Connector "example": sources: connectors/queries.gql [526B] 
I0427 13:37:03.312792   68805 codegen.go:101] [connector "example" javascriptSdk] Generating sources into "/Volumes/Dev/Projects/TansTack/skild/src/dataconnect-generated"
I0427 13:37:03.740523   68805 collector.go:107] schema extensions wrote into "/Volumes/Dev/Projects/TansTack/skild/dataconnect/.dataconnect/schema"
Generated sources: main/query.gql [2404B] main/mutation.gql [6444B] prelude.gql [82799B] main/implicit.gql [266B] main/input.gql [16023B] main/relation.gql [6578B] 
I0427 13:37:03.762363   68805 collector.go:107] connector "example" javascriptSdk wrote into "/Volumes/Dev/Projects/TansTack/skild/src/dataconnect-generated"
Generated sources: .guides/usage.md [1571B] .guides/setup.md [1682B] react/package.json [460B] react/esm/package.json [17B] esm/index.esm.js [953B] esm/package.json [17B] index.cjs.js [1083B] .guides/config.json [236B] index.d.ts [1661B] package.json [853B] README.md [8682B] react/index.d.ts [690B] react/index.cjs.js [605B] react/README.md [12918B] react/esm/index.esm.js [581B] 
I0427 13:37:03.883455   68805 installsdk.go:86] Running command: /Volumes/Dev/nvm/versions/node/v24.14.0/bin/npm install file:src/dataconnect-generated
I0427 13:41:02.483443   68805 load.go:109] Finished reloading
